0 info it worked if it ends with ok
1 verbose cli [ '/usr/bin/node', '/usr/bin/npm', 'link' ]
2 info using npm@3.5.2
3 info using node@v8.10.0
4 verbose linkPkg /home/kenton/CodeServer/data/bstatic
5 silly gentlyRm /usr/local/lib/node_modules/bstatic is being purged
6 verbose gentlyRm don't care about contents; nuking /usr/local/lib/node_modules/bstatic
7 verbose stack Error: EACCES: permission denied, symlink '/home/kenton/CodeServer/data/bstatic' -> '/usr/local/lib/node_modules/bstatic'
8 verbose cwd /home/kenton/CodeServer/data/bstatic
9 error Linux 4.15.0-74-generic
10 error argv "/usr/bin/node" "/usr/bin/npm" "link"
11 error node v8.10.0
12 error npm  v3.5.2
13 error path /home/kenton/CodeServer/data/bstatic
14 error code EACCES
15 error errno -13
16 error syscall symlink
17 error Error: EACCES: permission denied, symlink '/home/kenton/CodeServer/data/bstatic' -> '/usr/local/lib/node_modules/bstatic'
17 error  { Error: EACCES: permission denied, symlink '/home/kenton/CodeServer/data/bstatic' -> '/usr/local/lib/node_modules/bstatic'
17 error   errno: -13,
17 error   code: 'EACCES',
17 error   syscall: 'symlink',
17 error   path: '/home/kenton/CodeServer/data/bstatic',
17 error   dest: '/usr/local/lib/node_modules/bstatic' }
18 error Please try running this command again as root/Administrator.
19 verbose exit [ -13, true ]
